<?xml version="1.0" encoding="UTF-8"?>
<!-- Generated by org.testng.reporters.JUnitXMLReporter -->
<testsuite hostname="DESKTOP-78BGRDR" ignored="0" name="Default test" tests="8" failures="0" timestamp="16 Jan 2019 20:48:50 GMT" time="3.775" errors="0">
  <testcase name="CountryDELETE" time="2.205" classname="com.bookit.tests.APIDay3"/>
  <testcase name="countryPOST" time="0.596" classname="com.bookit.tests.APIDay3"/>
  <testcase name="countryPUT" time="0.132" classname="com.bookit.tests.APIDay3"/>
  <testcase name="jacksonExample" time="0.004" classname="com.bookit.tests.APIDay3"/>
  <testcase name="regionPOSTv1" time="0.202" classname="com.bookit.tests.APIDay3"/>
  <testcase name="regionPOSTv2" time="0.142" classname="com.bookit.tests.APIDay3"/>
  <testcase name="regionPOSTv3" time="0.239" classname="com.bookit.tests.APIDay3"/>
  <testcase name="regionPOSTv4" time="0.196" classname="com.bookit.tests.APIDay3"/>
</testsuite> <!-- Default test -->
