<?xml version="1.0" encoding="UTF-8"?>
<testng-results skipped="0" failed="0" ignored="0" total="8" passed="8">
  <reporter-output>
  </reporter-output>
  <suite name="Default suite" duration-ms="3775" started-at="2019-01-16T20:48:46Z" finished-at="2019-01-16T20:48:50Z">
    <groups>
    </groups>
    <test name="Default test" duration-ms="3775" started-at="2019-01-16T20:48:46Z" finished-at="2019-01-16T20:48:50Z">
      <class name="com.bookit.tests.APIDay3">
        <test-method status="PASS" signature="CountryDELETE()[pri:0, instance:com.bookit.tests.APIDay3@42dafa95]" name="CountryDELETE" duration-ms="2205" started-at="2019-01-16T20:48:46Z" finished-at="2019-01-16T20:48:48Z">
          <reporter-output>
          </reporter-output>
        </test-method> <!-- CountryDELETE -->
        <test-method status="PASS" signature="countryPOST()[pri:0, instance:com.bookit.tests.APIDay3@42dafa95]" name="countryPOST" duration-ms="596" started-at="2019-01-16T20:48:48Z" finished-at="2019-01-16T20:48:49Z">
          <reporter-output>
          </reporter-output>
        </test-method> <!-- countryPOST -->
        <test-method status="PASS" signature="countryPUT()[pri:0, instance:com.bookit.tests.APIDay3@42dafa95]" name="countryPUT" duration-ms="132" started-at="2019-01-16T20:48:49Z" finished-at="2019-01-16T20:48:49Z">
          <reporter-output>
          </reporter-output>
        </test-method> <!-- countryPUT -->
        <test-method status="PASS" signature="jacksonExample()[pri:0, instance:com.bookit.tests.APIDay3@42dafa95]" name="jacksonExample" duration-ms="4" started-at="2019-01-16T20:48:49Z" finished-at="2019-01-16T20:48:49Z">
          <reporter-output>
          </reporter-output>
        </test-method> <!-- jacksonExample -->
        <test-method status="PASS" signature="regionPOSTv1()[pri:0, instance:com.bookit.tests.APIDay3@42dafa95]" name="regionPOSTv1" duration-ms="202" started-at="2019-01-16T20:48:49Z" finished-at="2019-01-16T20:48:49Z">
          <reporter-output>
          </reporter-output>
        </test-method> <!-- regionPOSTv1 -->
        <test-method status="PASS" signature="regionPOSTv2()[pri:0, instance:com.bookit.tests.APIDay3@42dafa95]" name="regionPOSTv2" duration-ms="142" started-at="2019-01-16T20:48:49Z" finished-at="2019-01-16T20:48:49Z">
          <reporter-output>
          </reporter-output>
        </test-method> <!-- regionPOSTv2 -->
        <test-method status="PASS" signature="regionPOSTv3()[pri:0, instance:com.bookit.tests.APIDay3@42dafa95]" name="regionPOSTv3" duration-ms="239" started-at="2019-01-16T20:48:49Z" finished-at="2019-01-16T20:48:50Z">
          <reporter-output>
          </reporter-output>
        </test-method> <!-- regionPOSTv3 -->
        <test-method status="PASS" signature="regionPOSTv4()[pri:0, instance:com.bookit.tests.APIDay3@42dafa95]" name="regionPOSTv4" duration-ms="196" started-at="2019-01-16T20:48:50Z" finished-at="2019-01-16T20:48:50Z">
          <reporter-output>
          </reporter-output>
        </test-method> <!-- regionPOSTv4 -->
      </class> <!-- com.bookit.tests.APIDay3 -->
    </test> <!-- Default test -->
  </suite> <!-- Default suite -->
</testng-results>
